2016-09-11 21:25:55 Error: [Cake\Console\Exception\MissingShellException] Shell class for "All" could not be found.
Exception Attributes: array (
  'class' => 'All',
)
Stack Trace:
#0 D:\XAMPP\htdocs\cakegrafica\vendor\cakephp\cakephp\src\Console\ShellDispatcher.php(223): Cake\Console\ShellDispatcher->findShell('All')
#1 D:\XAMPP\htdocs\cakegrafica\vendor\cakephp\cakephp\src\Console\ShellDispatcher.php(182): Cake\Console\ShellDispatcher->_dispatch(Array)
#2 D:\XAMPP\htdocs\cakegrafica\vendor\cakephp\cakephp\src\Console\ShellDispatcher.php(128): Cake\Console\ShellDispatcher->dispatch(Array)
#3 D:\XAMPP\htdocs\cakegrafica\bin\cake.php(34): Cake\Console\ShellDispatcher::run(Array)
#4 {main}


2016-09-12 14:03:58 Error: [Cake\Database\Exception] SQLSTATE[42S02]: Base table or view not found: 1146 Table 'cakegrafica.usuarios' doesn't exist
Stack Trace:
#0 D:\XAMPP\htdocs\cakegrafica\vendor\cakephp\cakephp\src\Database\Schema\Collection.php(97): Cake\Database\Schema\Collection->_reflect('Column', 'usuarios', Array, Object(Cake\Database\Schema\Table))
#1 D:\XAMPP\htdocs\cakegrafica\vendor\cakephp\cakephp\src\Database\Schema\CachedCollection.php(63): Cake\Database\Schema\Collection->describe('usuarios', Array)
#2 D:\XAMPP\htdocs\cakegrafica\vendor\cakephp\cakephp\src\ORM\Table.php(440): Cake\Database\Schema\CachedCollection->describe('usuarios')
#3 D:\XAMPP\htdocs\cakegrafica\vendor\cakephp\cakephp\src\ORM\Table.php(518): Cake\ORM\Table->schema()
#4 D:\XAMPP\htdocs\cakegrafica\vendor\cakephp\bake\src\Shell\Task\ModelTask.php(210): Cake\ORM\Table->primaryKey()
#5 D:\XAMPP\htdocs\cakegrafica\vendor\cakephp\bake\src\Shell\Task\ModelTask.php(127): Bake\Shell\Task\ModelTask->getAssociations(Object(Cake\ORM\Table))
#6 D:\XAMPP\htdocs\cakegrafica\vendor\cakephp\bake\src\Shell\Task\ModelTask.php(110): Bake\Shell\Task\ModelTask->getTableContext(Object(Cake\ORM\Table), 'usuarios', 'Usuarios')
#7 D:\XAMPP\htdocs\cakegrafica\vendor\cakephp\bake\src\Shell\Task\ModelTask.php(97): Bake\Shell\Task\ModelTask->bake('Usuarios')
#8 D:\XAMPP\htdocs\cakegrafica\vendor\cakephp\bake\src\Shell\BakeShell.php(257): Bake\Shell\Task\ModelTask->main('Usuarios')
#9 D:\XAMPP\htdocs\cakegrafica\vendor\cakephp\cakephp\src\Collection\CollectionTrait.php(52): Bake\Shell\BakeShell->Bake\Shell\{closure}('Usuarios', 0)
#10 D:\XAMPP\htdocs\cakegrafica\vendor\cakephp\bake\src\Shell\BakeShell.php(260): Cake\Collection\Collection->each(Object(Closure))
#11 [internal function]: Bake\Shell\BakeShell->all('usuarios')
#12 D:\XAMPP\htdocs\cakegrafica\vendor\cakephp\cakephp\src\Console\Shell.php(452): call_user_func_array(Array, Array)
#13 D:\XAMPP\htdocs\cakegrafica\vendor\cakephp\cakephp\src\Console\ShellDispatcher.php(227): Cake\Console\Shell->runCommand(Array, true, Array)
#14 D:\XAMPP\htdocs\cakegrafica\vendor\cakephp\cakephp\src\Console\ShellDispatcher.php(182): Cake\Console\ShellDispatcher->_dispatch(Array)
#15 D:\XAMPP\htdocs\cakegrafica\vendor\cakephp\cakephp\src\Console\ShellDispatcher.php(128): Cake\Console\ShellDispatcher->dispatch(Array)
#16 D:\XAMPP\htdocs\cakegrafica\bin\cake.php(34): Cake\Console\ShellDispatcher::run(Array)
#17 {main}


2016-09-12 14:07:29 Error: [Cake\Database\Exception] SQLSTATE[42S02]: Base table or view not found: 1146 Table 'cakegrafica.usuarios' doesn't exist
Stack Trace:
#0 D:\XAMPP\htdocs\cakegrafica\vendor\cakephp\cakephp\src\Database\Schema\Collection.php(97): Cake\Database\Schema\Collection->_reflect('Column', 'usuarios', Array, Object(Cake\Database\Schema\Table))
#1 D:\XAMPP\htdocs\cakegrafica\vendor\cakephp\cakephp\src\Database\Schema\CachedCollection.php(63): Cake\Database\Schema\Collection->describe('usuarios', Array)
#2 D:\XAMPP\htdocs\cakegrafica\vendor\cakephp\cakephp\src\ORM\Table.php(440): Cake\Database\Schema\CachedCollection->describe('usuarios')
#3 D:\XAMPP\htdocs\cakegrafica\vendor\cakephp\cakephp\src\ORM\Table.php(518): Cake\ORM\Table->schema()
#4 D:\XAMPP\htdocs\cakegrafica\vendor\cakephp\bake\src\Shell\Task\ModelTask.php(210): Cake\ORM\Table->primaryKey()
#5 D:\XAMPP\htdocs\cakegrafica\vendor\cakephp\bake\src\Shell\Task\ModelTask.php(127): Bake\Shell\Task\ModelTask->getAssociations(Object(Cake\ORM\Table))
#6 D:\XAMPP\htdocs\cakegrafica\vendor\cakephp\bake\src\Shell\Task\ModelTask.php(110): Bake\Shell\Task\ModelTask->getTableContext(Object(Cake\ORM\Table), 'usuarios', 'Usuarios')
#7 D:\XAMPP\htdocs\cakegrafica\vendor\cakephp\bake\src\Shell\Task\ModelTask.php(97): Bake\Shell\Task\ModelTask->bake('Usuarios')
#8 D:\XAMPP\htdocs\cakegrafica\vendor\cakephp\bake\src\Shell\BakeShell.php(257): Bake\Shell\Task\ModelTask->main('Usuarios')
#9 D:\XAMPP\htdocs\cakegrafica\vendor\cakephp\cakephp\src\Collection\CollectionTrait.php(52): Bake\Shell\BakeShell->Bake\Shell\{closure}('Usuarios', 0)
#10 D:\XAMPP\htdocs\cakegrafica\vendor\cakephp\bake\src\Shell\BakeShell.php(260): Cake\Collection\Collection->each(Object(Closure))
#11 [internal function]: Bake\Shell\BakeShell->all('usuarios')
#12 D:\XAMPP\htdocs\cakegrafica\vendor\cakephp\cakephp\src\Console\Shell.php(452): call_user_func_array(Array, Array)
#13 D:\XAMPP\htdocs\cakegrafica\vendor\cakephp\cakephp\src\Console\ShellDispatcher.php(227): Cake\Console\Shell->runCommand(Array, true, Array)
#14 D:\XAMPP\htdocs\cakegrafica\vendor\cakephp\cakephp\src\Console\ShellDispatcher.php(182): Cake\Console\ShellDispatcher->_dispatch(Array)
#15 D:\XAMPP\htdocs\cakegrafica\vendor\cakephp\cakephp\src\Console\ShellDispatcher.php(128): Cake\Console\ShellDispatcher->dispatch(Array)
#16 D:\XAMPP\htdocs\cakegrafica\bin\cake.php(34): Cake\Console\ShellDispatcher::run(Array)
#17 {main}


2016-10-02 20:29:07 Error: [Cake\Database\Exception] SQLSTATE[42S02]: Base table or view not found: 1146 Table 'cakegrafica.cartazeses' doesn't exist
Stack Trace:
#0 D:\XAMPP\htdocs\cakegrafica\vendor\cakephp\cakephp\src\Database\Schema\Collection.php(97): Cake\Database\Schema\Collection->_reflect('Column', 'cartazeses', Array, Object(Cake\Database\Schema\Table))
#1 D:\XAMPP\htdocs\cakegrafica\vendor\cakephp\cakephp\src\Database\Schema\CachedCollection.php(63): Cake\Database\Schema\Collection->describe('cartazeses', Array)
#2 D:\XAMPP\htdocs\cakegrafica\vendor\cakephp\cakephp\src\ORM\Table.php(440): Cake\Database\Schema\CachedCollection->describe('cartazeses')
#3 D:\XAMPP\htdocs\cakegrafica\vendor\cakephp\cakephp\src\ORM\Table.php(518): Cake\ORM\Table->schema()
#4 D:\XAMPP\htdocs\cakegrafica\vendor\cakephp\bake\src\Shell\Task\TemplateTask.php(291): Cake\ORM\Table->primaryKey()
#5 D:\XAMPP\htdocs\cakegrafica\vendor\cakephp\bake\src\Shell\Task\TemplateTask.php(148): Bake\Shell\Task\TemplateTask->_loadController()
#6 [internal function]: Bake\Shell\Task\TemplateTask->main('cartazeses')
#7 D:\XAMPP\htdocs\cakegrafica\vendor\cakephp\cakephp\src\Console\Shell.php(466): call_user_func_array(Array, Array)
#8 D:\XAMPP\htdocs\cakegrafica\vendor\cakephp\cakephp\src\Console\Shell.php(459): Cake\Console\Shell->runCommand(Array, false, Array)
#9 D:\XAMPP\htdocs\cakegrafica\vendor\cakephp\cakephp\src\Console\ShellDispatcher.php(227): Cake\Console\Shell->runCommand(Array, true, Array)
#10 D:\XAMPP\htdocs\cakegrafica\vendor\cakephp\cakephp\src\Console\ShellDispatcher.php(182): Cake\Console\ShellDispatcher->_dispatch(Array)
#11 D:\XAMPP\htdocs\cakegrafica\vendor\cakephp\cakephp\src\Console\ShellDispatcher.php(128): Cake\Console\ShellDispatcher->dispatch(Array)
#12 D:\XAMPP\htdocs\cakegrafica\bin\cake.php(34): Cake\Console\ShellDispatcher::run(Array)
#13 {main}


2016-10-02 20:29:13 Error: [Cake\Database\Exception] SQLSTATE[42S02]: Base table or view not found: 1146 Table 'cakegrafica.cartazes' doesn't exist
Stack Trace:
#0 D:\XAMPP\htdocs\cakegrafica\vendor\cakephp\cakephp\src\Database\Schema\Collection.php(97): Cake\Database\Schema\Collection->_reflect('Column', 'cartazes', Array, Object(Cake\Database\Schema\Table))
#1 D:\XAMPP\htdocs\cakegrafica\vendor\cakephp\cakephp\src\Database\Schema\CachedCollection.php(63): Cake\Database\Schema\Collection->describe('cartazes', Array)
#2 D:\XAMPP\htdocs\cakegrafica\vendor\cakephp\cakephp\src\ORM\Table.php(440): Cake\Database\Schema\CachedCollection->describe('cartazes')
#3 D:\XAMPP\htdocs\cakegrafica\vendor\cakephp\cakephp\src\ORM\Table.php(518): Cake\ORM\Table->schema()
#4 D:\XAMPP\htdocs\cakegrafica\vendor\cakephp\bake\src\Shell\Task\TemplateTask.php(291): Cake\ORM\Table->primaryKey()
#5 D:\XAMPP\htdocs\cakegrafica\vendor\cakephp\bake\src\Shell\Task\TemplateTask.php(148): Bake\Shell\Task\TemplateTask->_loadController()
#6 [internal function]: Bake\Shell\Task\TemplateTask->main('cartazes')
#7 D:\XAMPP\htdocs\cakegrafica\vendor\cakephp\cakephp\src\Console\Shell.php(466): call_user_func_array(Array, Array)
#8 D:\XAMPP\htdocs\cakegrafica\vendor\cakephp\cakephp\src\Console\Shell.php(459): Cake\Console\Shell->runCommand(Array, false, Array)
#9 D:\XAMPP\htdocs\cakegrafica\vendor\cakephp\cakephp\src\Console\ShellDispatcher.php(227): Cake\Console\Shell->runCommand(Array, true, Array)
#10 D:\XAMPP\htdocs\cakegrafica\vendor\cakephp\cakephp\src\Console\ShellDispatcher.php(182): Cake\Console\ShellDispatcher->_dispatch(Array)
#11 D:\XAMPP\htdocs\cakegrafica\vendor\cakephp\cakephp\src\Console\ShellDispatcher.php(128): Cake\Console\ShellDispatcher->dispatch(Array)
#12 D:\XAMPP\htdocs\cakegrafica\bin\cake.php(34): Cake\Console\ShellDispatcher::run(Array)
#13 {main}


2016-10-02 20:29:55 Error: [Cake\Database\Exception] SQLSTATE[42S02]: Base table or view not found: 1146 Table 'cakegrafica.cartazes' doesn't exist
Stack Trace:
#0 D:\XAMPP\htdocs\cakegrafica\vendor\cakephp\cakephp\src\Database\Schema\Collection.php(97): Cake\Database\Schema\Collection->_reflect('Column', 'cartazes', Array, Object(Cake\Database\Schema\Table))
#1 D:\XAMPP\htdocs\cakegrafica\vendor\cakephp\cakephp\src\Database\Schema\CachedCollection.php(63): Cake\Database\Schema\Collection->describe('cartazes', Array)
#2 D:\XAMPP\htdocs\cakegrafica\vendor\cakephp\cakephp\src\ORM\Table.php(440): Cake\Database\Schema\CachedCollection->describe('cartazes')
#3 D:\XAMPP\htdocs\cakegrafica\vendor\cakephp\cakephp\src\ORM\Table.php(518): Cake\ORM\Table->schema()
#4 D:\XAMPP\htdocs\cakegrafica\vendor\cakephp\bake\src\Shell\Task\ModelTask.php(210): Cake\ORM\Table->primaryKey()
#5 D:\XAMPP\htdocs\cakegrafica\vendor\cakephp\bake\src\Shell\Task\ModelTask.php(127): Bake\Shell\Task\ModelTask->getAssociations(Object(Cake\ORM\Table))
#6 D:\XAMPP\htdocs\cakegrafica\vendor\cakephp\bake\src\Shell\Task\ModelTask.php(110): Bake\Shell\Task\ModelTask->getTableContext(Object(Cake\ORM\Table), 'cartazes', 'Cartazes')
#7 D:\XAMPP\htdocs\cakegrafica\vendor\cakephp\bake\src\Shell\Task\ModelTask.php(97): Bake\Shell\Task\ModelTask->bake('Cartazes')
#8 [internal function]: Bake\Shell\Task\ModelTask->main('cartazes')
#9 D:\XAMPP\htdocs\cakegrafica\vendor\cakephp\cakephp\src\Console\Shell.php(466): call_user_func_array(Array, Array)
#10 D:\XAMPP\htdocs\cakegrafica\vendor\cakephp\cakephp\src\Console\Shell.php(459): Cake\Console\Shell->runCommand(Array, false, Array)
#11 D:\XAMPP\htdocs\cakegrafica\vendor\cakephp\cakephp\src\Console\ShellDispatcher.php(227): Cake\Console\Shell->runCommand(Array, true, Array)
#12 D:\XAMPP\htdocs\cakegrafica\vendor\cakephp\cakephp\src\Console\ShellDispatcher.php(182): Cake\Console\ShellDispatcher->_dispatch(Array)
#13 D:\XAMPP\htdocs\cakegrafica\vendor\cakephp\cakephp\src\Console\ShellDispatcher.php(128): Cake\Console\ShellDispatcher->dispatch(Array)
#14 D:\XAMPP\htdocs\cakegrafica\bin\cake.php(34): Cake\Console\ShellDispatcher::run(Array)
#15 {main}


2016-10-02 20:30:14 Error: [Cake\Database\Exception] SQLSTATE[42S02]: Base table or view not found: 1146 Table 'cakegrafica.cartazes' doesn't exist
Stack Trace:
#0 D:\XAMPP\htdocs\cakegrafica\vendor\cakephp\cakephp\src\Database\Schema\Collection.php(97): Cake\Database\Schema\Collection->_reflect('Column', 'cartazes', Array, Object(Cake\Database\Schema\Table))
#1 D:\XAMPP\htdocs\cakegrafica\vendor\cakephp\cakephp\src\Database\Schema\CachedCollection.php(63): Cake\Database\Schema\Collection->describe('cartazes', Array)
#2 D:\XAMPP\htdocs\cakegrafica\vendor\cakephp\cakephp\src\ORM\Table.php(440): Cake\Database\Schema\CachedCollection->describe('cartazes')
#3 D:\XAMPP\htdocs\cakegrafica\vendor\cakephp\cakephp\src\ORM\Table.php(518): Cake\ORM\Table->schema()
#4 D:\XAMPP\htdocs\cakegrafica\vendor\cakephp\bake\src\Shell\Task\ModelTask.php(210): Cake\ORM\Table->primaryKey()
#5 D:\XAMPP\htdocs\cakegrafica\vendor\cakephp\bake\src\Shell\Task\ModelTask.php(127): Bake\Shell\Task\ModelTask->getAssociations(Object(Cake\ORM\Table))
#6 D:\XAMPP\htdocs\cakegrafica\vendor\cakephp\bake\src\Shell\Task\ModelTask.php(110): Bake\Shell\Task\ModelTask->getTableContext(Object(Cake\ORM\Table), 'cartazes', 'Cartazes')
#7 D:\XAMPP\htdocs\cakegrafica\vendor\cakephp\bake\src\Shell\Task\ModelTask.php(97): Bake\Shell\Task\ModelTask->bake('Cartazes')
#8 [internal function]: Bake\Shell\Task\ModelTask->main('cartazes')
#9 D:\XAMPP\htdocs\cakegrafica\vendor\cakephp\cakephp\src\Console\Shell.php(466): call_user_func_array(Array, Array)
#10 D:\XAMPP\htdocs\cakegrafica\vendor\cakephp\cakephp\src\Console\Shell.php(459): Cake\Console\Shell->runCommand(Array, false, Array)
#11 D:\XAMPP\htdocs\cakegrafica\vendor\cakephp\cakephp\src\Console\ShellDispatcher.php(227): Cake\Console\Shell->runCommand(Array, true, Array)
#12 D:\XAMPP\htdocs\cakegrafica\vendor\cakephp\cakephp\src\Console\ShellDispatcher.php(182): Cake\Console\ShellDispatcher->_dispatch(Array)
#13 D:\XAMPP\htdocs\cakegrafica\vendor\cakephp\cakephp\src\Console\ShellDispatcher.php(128): Cake\Console\ShellDispatcher->dispatch(Array)
#14 D:\XAMPP\htdocs\cakegrafica\bin\cake.php(34): Cake\Console\ShellDispatcher::run(Array)
#15 {main}


